<?xml version="1.0" encoding="UTF-8"?>
<!-- Generated by org.testng.reporters.JUnitReportReporter -->
<testsuite hostname="Rajivs-MacBook-Air.local" failures="0" tests="1" name="tests.Testrunner" time="22.427" errors="0" timestamp="2024-11-20T19:03:21 IST" skipped="0">
  <testcase classname="tests.Testrunner" name="runScenario" time="22.427"/>
  <system-out/>
</testsuite> <!-- tests.Testrunner -->
